<?xml version="1.0" encoding="UTF-8"?>
<!-- Generated by org.testng.reporters.JUnitXMLReporter -->
<testsuite hostname="DESKTOP-BAT2JUI" ignored="0" name="Test" tests="4" failures="0" timestamp="13 Jul 2018 13:43:42 GMT" time="0.039" errors="0">
  <testcase name="deleteTwitter" time="0.008" classname="qaclickacademy.restAPITest"/>
  <testcase name="postJira" time="0.001" classname="qaclickacademy.restAPITest"/>
  <testcase name="BrowserAutomation" time="0.0" classname="qaclickacademy.seleniumTest"/>
  <testcase name="elementUi" time="0.001" classname="qaclickacademy.seleniumTest"/>
</testsuite> <!-- Test -->
