<?xml version="1.0" encoding="UTF-8"?>
<testng-results skipped="0" failed="0" ignored="0" total="4" passed="4">
  <reporter-output>
  </reporter-output>
  <suite name="Suite" duration-ms="39" started-at="2018-07-13T13:43:42Z" finished-at="2018-07-13T13:43:42Z">
    <groups>
    </groups>
    <test name="Test" duration-ms="39" started-at="2018-07-13T13:43:42Z" finished-at="2018-07-13T13:43:42Z">
      <class name="qaclickacademy.restAPITest">
        <test-method status="PASS" signature="deleteTwitter()[pri:0, instance:qaclickacademy.restAPITest@153f5a29]" name="deleteTwitter" duration-ms="8" started-at="2018-07-13T13:43:42Z" finished-at="2018-07-13T13:43:42Z">
          <reporter-output>
          </reporter-output>
        </test-method> <!-- deleteTwitter -->
        <test-method status="PASS" signature="postJira()[pri:0, instance:qaclickacademy.restAPITest@153f5a29]" name="postJira" duration-ms="1" started-at="2018-07-13T13:43:42Z" finished-at="2018-07-13T13:43:42Z">
          <reporter-output>
          </reporter-output>
        </test-method> <!-- postJira -->
      </class> <!-- qaclickacademy.restAPITest -->
      <class name="qaclickacademy.seleniumTest">
        <test-method status="PASS" signature="elementUi()[pri:0, instance:qaclickacademy.seleniumTest@7f560810]" name="elementUi" duration-ms="1" started-at="2018-07-13T13:43:42Z" finished-at="2018-07-13T13:43:42Z">
          <reporter-output>
          </reporter-output>
        </test-method> <!-- elementUi -->
        <test-method status="PASS" signature="BrowserAutomation()[pri:0, instance:qaclickacademy.seleniumTest@7f560810]" name="BrowserAutomation" duration-ms="0" started-at="2018-07-13T13:43:42Z" finished-at="2018-07-13T13:43:42Z">
          <reporter-output>
          </reporter-output>
        </test-method> <!-- BrowserAutomation -->
      </class> <!-- qaclickacademy.seleniumTest -->
    </test> <!-- Test -->
  </suite> <!-- Suite -->
</testng-results>
